<?xml version="1.0" encoding="UTF-8"?>
<!-- Generated by org.testng.reporters.JUnitXMLReporter -->
<testsuite ignored="2" hostname="DESKTOP-AAP1BB1" failures="0" tests="1" name="Default test" time="34.025" errors="0" timestamp="2019-12-12T12:46:38 EST">
  <testcase classname="com.qa.Test.SummaryPageTest" name="SummaryPage_TC_002" time="21.387"/>
  <testcase classname="com.qa.Test.SummaryPageTest" name="SummaryPage_TC_003" time="0.0">
    <ignored/>
  </testcase> <!-- SummaryPage_TC_003 -->
  <testcase classname="com.qa.Test.SummaryPageTest" name="SummaryPage_TC_001" time="0.0">
    <ignored/>
  </testcase> <!-- SummaryPage_TC_001 -->
</testsuite> <!-- Default test -->
