<?xml version="1.0" encoding="UTF-8"?>
<!-- Generated by org.testng.reporters.JUnitXMLReporter -->
<testsuite ignored="2" hostname="DESKTOP-AAP1BB1" failures="0" tests="1" name="Default test" time="17.778" errors="0" timestamp="2019-12-06T14:47:56 EST">
  <testcase classname="com.qa.Test.HomePageTest" name="HomePage_TE001" time="7.776"/>
  <testcase classname="com.qa.Test.HomePageTest" name="addproduct_Verification" time="0.0">
    <ignored/>
  </testcase> <!-- addproduct_Verification -->
  <testcase classname="com.qa.Test.HomePageTest" name="navigateProductVerification" time="0.0">
    <ignored/>
  </testcase> <!-- navigateProductVerification -->
</testsuite> <!-- Default test -->
