<?xml version="1.0" encoding="UTF-8"?>
<testng-results ignored="2" total="3" passed="1" failed="0" skipped="0">
  <reporter-output>
    <line>
      <![CDATA[total is correct after adding shipping]]>
    </line>
  </reporter-output>
  <suite started-at="2019-12-12T12:46:04 EST" name="Default suite" finished-at="2019-12-12T12:46:38 EST" duration-ms="34025">
    <groups>
    </groups>
    <test started-at="2019-12-12T12:46:04 EST" name="Default test" finished-at="2019-12-12T12:46:38 EST" duration-ms="34025">
      <class name="com.qa.Test.SummaryPageTest">
        <test-method is-config="true" signature="setUp()[pri:0, instance:com.qa.Test.SummaryPageTest@d706f19]" started-at="2019-12-12T12:46:04 EST" name="setUp" finished-at="2019-12-12T12:46:16 EST" duration-ms="11741" status="PASS">
          <reporter-output>
          </reporter-output>
        </test-method> <!-- setUp -->
        <test-method signature="SummaryPage_TC_002()[pri:0, instance:com.qa.Test.SummaryPageTest@d706f19]" started-at="2019-12-12T12:46:16 EST" name="SummaryPage_TC_002" finished-at="2019-12-12T12:46:37 EST" duration-ms="21387" status="PASS">
          <reporter-output>
            <line>
              <![CDATA[total is correct after adding shipping]]>
            </line>
          </reporter-output>
        </test-method> <!-- SummaryPage_TC_002 -->
        <test-method is-config="true" signature="teardown(org.testng.ITestResult)[pri:0, instance:com.qa.Test.SummaryPageTest@d706f19]" started-at="2019-12-12T12:46:37 EST" name="teardown" finished-at="2019-12-12T12:46:38 EST" duration-ms="837" status="PASS">
          <params>
            <param index="0">
              <value>
                <![CDATA[[TestResult name=SummaryPage_TC_002 status=SUCCESS method=SummaryPageTest.SummaryPage_TC_002()[pri:0, instance:com.qa.Test.SummaryPageTest@d706f19] output=total is correct after adding shipping]]]>
              </value>
            </param>
          </params>
          <reporter-output>
          </reporter-output>
        </test-method> <!-- teardown -->
      </class> <!-- com.qa.Test.SummaryPageTest -->
    </test> <!-- Default test -->
  </suite> <!-- Default suite -->
</testng-results>
