<?xml version="1.0" encoding="UTF-8"?>
<testng-results ignored="2" total="3" passed="1" failed="0" skipped="0">
  <reporter-output>
  </reporter-output>
  <suite started-at="2019-12-06T14:47:38 EST" name="Default suite" finished-at="2019-12-06T14:47:56 EST" duration-ms="17778">
    <groups>
    </groups>
    <test started-at="2019-12-06T14:47:38 EST" name="Default test" finished-at="2019-12-06T14:47:56 EST" duration-ms="17778">
      <class name="com.qa.Test.HomePageTest">
        <test-method is-config="true" signature="setUp()[pri:0, instance:com.qa.Test.HomePageTest@29176cc1]" started-at="2019-12-06T14:47:38 EST" name="setUp" finished-at="2019-12-06T14:47:48 EST" duration-ms="9928" status="PASS">
          <reporter-output>
          </reporter-output>
        </test-method> <!-- setUp -->
        <test-method signature="HomePage_TE001()[pri:0, instance:com.qa.Test.HomePageTest@29176cc1]" started-at="2019-12-06T14:47:48 EST" name="HomePage_TE001" finished-at="2019-12-06T14:47:56 EST" duration-ms="7776" status="PASS">
          <reporter-output>
          </reporter-output>
        </test-method> <!-- HomePage_TE001 -->
        <test-method is-config="true" signature="teardown()[pri:0, instance:com.qa.Test.HomePageTest@29176cc1]" started-at="2019-12-06T14:47:56 EST" name="teardown" finished-at="2019-12-06T14:47:56 EST" duration-ms="0" status="PASS">
          <reporter-output>
          </reporter-output>
        </test-method> <!-- teardown -->
      </class> <!-- com.qa.Test.HomePageTest -->
    </test> <!-- Default test -->
  </suite> <!-- Default suite -->
</testng-results>
